<?xml version="1.0" encoding="UTF-8"?>
<!-- Generated by org.testng.reporters.JUnitReportReporter -->
<testsuite hostname="LAPTOP-MTU0R4K6" failures="0" tests="1" name="basics.testCase1.TestCase2" time="10.459" errors="0" timestamp="2025-01-15T10:18:25 IST" skipped="0">
  <testcase classname="basics.testCase1.TestCase2" name="getTitle" time="10.459"/>
  <system-out/>
</testsuite> <!-- basics.testCase1.TestCase2 -->
