<?xml version="1.0" encoding="UTF-8"?>
<!-- Generated by org.testng.reporters.JUnitReportReporter -->
<testsuite hostname="LAPTOP-MTU0R4K6" failures="0" tests="1" name="basics.TestDemo" time="6.802" errors="0" timestamp="2025-01-10T19:54:58 IST" skipped="0">
  <testcase classname="basics.TestDemo" name="Test1" time="6.802"/>
  <system-out/>
</testsuite> <!-- basics.TestDemo -->
