<?xml version="1.0" encoding="UTF-8"?>
<!-- Generated by org.testng.reporters.JUnitReportReporter -->
<testsuite hostname="LAPTOP-MTU0R4K6" failures="0" tests="1" name="basics.testCase.TestCase1" time="6.106" errors="0" timestamp="2025-01-15T10:31:27 IST" skipped="0">
  <testcase classname="basics.testCase.TestCase1" name="Test1" time="6.106"/>
  <system-out/>
</testsuite> <!-- basics.testCase.TestCase1 -->
