<?xml version="1.0" encoding="UTF-8"?>
<!-- Generated by org.testng.reporters.JUnitReportReporter -->
<testsuite hostname="LAPTOP-MTU0R4K6" failures="0" tests="1" name="base.TestDemo" time="6.547" errors="0" timestamp="2025-01-10T08:40:14 IST" skipped="0">
  <testcase classname="base.TestDemo" name="m1" time="6.547"/>
  <system-out/>
</testsuite> <!-- base.TestDemo -->
